14:07:34.191 [main] INFO  - Goto my account-->Click on Login.. 
14:07:34.883 [main] INFO  - Entering email and password.. 
14:07:35.559 [main] INFO  - clicked on login button...
15:21:51.876 [main] INFO  - Goto my account-->Click on Login.. 
15:21:53.135 [main] INFO  - Entering email and password.. 
15:21:54.620 [main] INFO  - clicked on login button...
15:32:55.009 [main] INFO  - Goto my account-->Click on Login.. 
15:32:55.760 [main] INFO  - Entering email and password.. 
15:32:56.517 [main] INFO  - clicked on login button...
15:44:58.490 [main] INFO  - Goto my account-->Click on Login.. 
15:44:59.375 [main] INFO  - Entering email and password.. 
15:45:00.720 [main] INFO  - clicked on login button...
11:24:02.941 [pool-3-thread-1] INFO  - Goto my account-->Click on Login.. 
11:24:03.761 [pool-3-thread-1] INFO  - Entering email and password.. 
11:24:06.101 [pool-3-thread-1] INFO  - clicked on login button...
11:25:07.956 [main] INFO  - Goto my account-->Click on Login.. 
11:25:08.604 [main] INFO  - Entering email and password.. 
11:25:09.732 [main] INFO  - clicked on login button...
11:27:34.728 [main] INFO  - Goto my account-->Click on Login.. 
11:27:35.361 [main] INFO  - Entering email and password.. 
11:27:36.283 [main] INFO  - clicked on login button...
11:28:39.062 [pool-3-thread-1] INFO  - Goto my account-->Click on Login.. 
11:28:39.709 [pool-3-thread-1] INFO  - Entering email and password.. 
11:28:41.527 [pool-3-thread-1] INFO  - clicked on login button...
11:30:58.762 [main] INFO  - Goto my account-->Click on Login.. 
11:30:59.506 [main] INFO  - Entering email and password.. 
11:31:00.817 [main] INFO  - clicked on login button...
11:32:42.541 [main] INFO  - Goto my account-->Click on Login.. 
11:32:46.118 [main] INFO  - Entering email and password.. 
11:32:47.244 [main] INFO  - clicked on login button...
11:34:08.134 [main] INFO  - Goto my account-->Click on Login.. 
11:34:08.801 [main] INFO  - Entering email and password.. 
11:34:10.471 [main] INFO  - clicked on login button...
11:45:34.561 [main] INFO  - Goto my account-->Click on Login.. 
11:45:35.241 [main] INFO  - Entering email and password.. 
11:45:36.544 [main] INFO  - clicked on login button...
11:48:32.063 [main] INFO  - Goto my account-->Click on Login.. 
11:48:32.749 [main] INFO  - Entering email and password.. 
11:48:34.206 [main] INFO  - clicked on login button...
12:19:09.362 [main] INFO  - Goto my account-->Click on Login.. 
12:19:10.371 [main] INFO  - Entering email and password.. 
12:19:11.738 [main] INFO  - clicked on login button...
12:24:14.670 [main] INFO  - Goto my account-->Click on Login.. 
12:24:15.551 [main] INFO  - Entering email and password.. 
12:24:16.857 [main] INFO  - clicked on login button...
12:25:59.705 [main] INFO  - Goto my account-->Click on Login.. 
12:26:00.443 [main] INFO  - Entering email and password.. 
12:26:01.724 [main] INFO  - clicked on login button...
12:40:21.946 [main] INFO  - Goto my account-->Click on Login.. 
12:40:22.616 [main] INFO  - Entering email and password.. 
12:40:24.212 [main] INFO  - clicked on login button...
12:48:13.135 [main] INFO  - Goto my account-->Click on Login.. 
12:48:14.187 [main] INFO  - Entering email and password.. 
12:48:15.338 [main] INFO  - clicked on login button...
07:20:02.541 [main] INFO  - Goto my account-->Click on Login.. 
07:20:03.687 [main] INFO  - Entering email and password.. 
07:20:04.885 [main] INFO  - clicked on login button...
07:26:07.255 [main] INFO  - Goto my account-->Click on Login.. 
07:26:08.073 [main] INFO  - Entering email and password.. 
07:26:08.937 [main] INFO  - clicked on login button...
07:27:45.855 [main] INFO  - Goto my account-->Click on Login.. 
07:27:46.685 [main] INFO  - Entering email and password.. 
07:27:47.506 [main] INFO  - clicked on login button...
07:42:18.774 [main] INFO  - Goto my account-->Click on Login.. 
07:42:19.621 [main] INFO  - Entering email and password.. 
07:42:20.495 [main] INFO  - clicked on login button...
07:44:30.850 [main] INFO  - Goto my account-->Click on Login.. 
07:44:31.695 [main] INFO  - Entering email and password.. 
07:44:32.578 [main] INFO  - clicked on login button...
07:46:04.249 [main] INFO  - Goto my account-->Click on Login.. 
07:46:05.043 [main] INFO  - Entering email and password.. 
07:46:05.916 [main] INFO  - clicked on login button...
07:52:55.919 [main] INFO  - Goto my account-->Click on Login.. 
07:52:56.718 [main] INFO  - Entering email and password.. 
07:52:57.593 [main] INFO  - clicked on login button...
19:36:50.141 [main] INFO  - Goto my account-->Click on Login.. 
19:37:14.986 [main] INFO  - Goto my account-->Click on Login.. 
19:37:35.324 [main] INFO  - Goto my account-->Click on Login.. 
19:47:48.010 [main] INFO  - Goto my account-->Click on Login.. 
20:28:02.156 [main] INFO  - Goto my account-->Click on Login.. 
20:29:49.520 [main] INFO  - Goto my account-->Click on Login.. 
20:32:13.079 [main] INFO  - Goto my account-->Click on Login.. 
20:38:24.554 [main] INFO  - Goto my account-->Click on Login.. 
20:43:48.351 [main] INFO  - Goto my account-->Click on Login.. 
20:44:52.162 [main] INFO  - Goto my account-->Click on Login.. 
20:56:55.982 [main] INFO  - Goto my account-->Click on Login.. 
20:57:33.924 [main] INFO  - Goto my account-->Click on Login.. 
21:01:57.725 [main] INFO  - Goto my account-->Click on Login.. 
21:02:23.621 [main] INFO  - Goto my account-->Click on Login.. 
21:05:08.646 [main] INFO  - Goto my account-->Click on Login.. 
21:14:02.922 [main] INFO  - Goto my account-->Click on Login.. 
21:18:11.047 [main] INFO  - Goto my account-->Click on Login.. 
21:19:10.915 [main] INFO  - Goto my account-->Click on Login.. 
21:19:49.444 [main] INFO  - Goto my account-->Click on Login.. 
21:29:57.134 [main] INFO  - Goto my account-->Click on Login.. 
21:31:22.325 [main] INFO  - Goto my account-->Click on Login.. 
21:53:49.439 [main] INFO  - Goto my account-->Click on Login.. 
21:56:45.870 [main] INFO  - Goto my account-->Click on Login.. 
22:29:03.193 [main] INFO  - Goto my account-->Click on Login.. 
23:14:14.176 [main] INFO  - Goto my account-->Click on Login.. 
23:15:04.557 [main] INFO  - Goto my account-->Click on Login.. 
23:16:18.659 [main] INFO  - Goto my account-->Click on Login.. 
23:17:09.508 [main] INFO  - Goto my account-->Click on Login.. 
23:17:34.291 [main] INFO  - Goto my account-->Click on Login.. 
23:18:00.491 [main] INFO  - Goto my account-->Click on Login.. 
23:22:45.146 [main] INFO  - Goto my account-->Click on Login.. 
23:26:33.112 [main] INFO  - Goto my account-->Click on Login.. 
23:27:35.278 [main] INFO  - Goto my account-->Click on Login.. 
23:35:44.210 [main] INFO  - Goto my account-->Click on Login.. 
23:37:01.505 [main] INFO  - Goto my account-->Click on Login.. 
23:41:01.381 [main] INFO  - Goto my account-->Click on Login.. 
23:45:31.664 [main] INFO  - Goto my account-->Click on Login.. 
23:47:56.478 [main] INFO  - Goto my account-->Click on Login.. 
23:48:49.588 [main] INFO  - Goto my account-->Click on Login.. 
23:49:31.909 [main] INFO  - Goto my account-->Click on Login.. 
23:49:57.518 [main] INFO  - Goto my account-->Click on Login.. 
23:50:45.209 [main] INFO  - Goto my account-->Click on Login.. 
23:51:47.267 [main] INFO  - Goto my account-->Click on Login.. 
23:53:32.591 [main] INFO  - Goto my account-->Click on Login.. 
23:54:25.744 [main] INFO  - Goto my account-->Click on Login.. 
23:56:10.265 [main] INFO  - Goto my account-->Click on Login.. 
23:57:33.961 [main] INFO  - Goto my account-->Click on Login.. 
23:58:01.724 [main] INFO  - Goto my account-->Click on Login.. 
23:58:29.632 [main] INFO  - Goto my account-->Click on Login.. 
23:58:59.440 [main] INFO  - Goto my account-->Click on Login.. 
00:07:11.146 [main] INFO  - Goto my account-->Click on Login.. 
00:07:55.736 [main] INFO  - Goto my account-->Click on Login.. 
00:09:58.120 [main] INFO  - Goto my account-->Click on Login.. 
00:14:34.972 [main] INFO  - Goto my account-->Click on Login.. 
00:24:18.096 [main] INFO  - Goto my account-->Click on Login.. 
00:25:25.782 [main] INFO  - Goto my account-->Click on Login.. 
00:30:07.869 [main] INFO  - Goto my account-->Click on Login.. 
09:06:24.667 [main] INFO  - Goto my account-->Click on Login.. 
09:07:04.163 [main] INFO  - Goto my account-->Click on Login.. 
09:07:48.040 [main] INFO  - Goto my account-->Click on Login.. 
09:08:15.601 [main] INFO  - Goto my account-->Click on Login.. 
09:10:28.473 [main] INFO  - Goto my account-->Click on Login.. 
09:15:09.188 [main] INFO  - Goto my account-->Click on Login.. 
09:15:39.045 [main] INFO  - Goto my account-->Click on Login.. 
09:19:27.992 [main] INFO  - Goto my account-->Click on Login.. 
09:21:40.293 [main] INFO  - Goto my account-->Click on Login.. 
09:22:03.034 [main] INFO  - Goto my account-->Click on Login.. 
09:22:44.148 [main] INFO  - Goto my account-->Click on Login.. 
09:23:37.667 [main] INFO  - Goto my account-->Click on Login.. 
09:29:28.873 [main] INFO  - Goto my account-->Click on Login.. 
09:31:00.899 [main] INFO  - Goto my account-->Click on Login.. 
09:36:38.219 [main] INFO  - Goto my account-->Click on Login.. 
09:47:48.492 [main] INFO  - Goto my account-->Click on Login.. 
09:49:25.707 [main] INFO  - Goto my account-->Click on Login.. 
09:52:49.366 [main] INFO  - Goto my account-->Click on Login.. 
10:02:42.019 [main] INFO  - Goto my account-->Click on Login.. 
10:06:48.068 [main] INFO  - Goto my account-->Click on Login.. 
10:07:27.543 [main] INFO  - Goto my account-->Click on Login.. 
10:13:26.687 [main] INFO  - Goto my account-->Click on Login.. 
10:14:40.687 [main] INFO  - Goto my account-->Click on Login.. 
10:16:37.404 [main] INFO  - Goto my account-->Click on Login.. 
11:05:14.528 [main] INFO  - Goto my account-->Click on Login.. 
11:05:43.623 [main] INFO  - Goto my account-->Click on Login.. 
11:06:07.566 [main] INFO  - Goto my account-->Click on Login.. 
11:10:45.542 [main] INFO  - Goto my account-->Click on Login.. 
11:11:38.314 [main] INFO  - Goto my account-->Click on Login.. 
11:12:35.412 [main] INFO  - Goto my account-->Click on Login.. 
11:21:27.576 [main] INFO  - Goto my account-->Click on Login.. 
11:22:35.198 [main] INFO  - Goto my account-->Click on Login.. 
11:23:01.041 [main] INFO  - Goto my account-->Click on Login.. 
11:23:22.597 [main] INFO  - Goto my account-->Click on Login.. 
11:24:31.450 [main] INFO  - Goto my account-->Click on Login.. 
11:25:01.628 [main] INFO  - Goto my account-->Click on Login.. 
11:27:47.515 [main] INFO  - Goto my account-->Click on Login.. 
11:47:39.649 [main] INFO  - Goto my account-->Click on Login.. 
11:48:00.481 [main] INFO  - Goto my account-->Click on Login.. 
11:49:02.907 [main] INFO  - Goto my account-->Click on Login.. 
11:49:54.914 [main] INFO  - Goto my account-->Click on Login.. 
11:50:55.930 [main] INFO  - Goto my account-->Click on Login.. 
11:51:44.142 [main] INFO  - Goto my account-->Click on Login.. 
11:52:10.045 [main] INFO  - Goto my account-->Click on Login.. 
11:53:19.451 [main] INFO  - Goto my account-->Click on Login.. 
12:04:35.476 [main] INFO  - Goto my account-->Click on Login.. 
12:05:13.934 [main] INFO  - Goto my account-->Click on Login.. 
12:07:56.136 [main] INFO  - Goto my account-->Click on Login.. 
12:09:08.601 [main] INFO  - Goto my account-->Click on Login.. 
12:09:33.680 [main] INFO  - Goto my account-->Click on Login.. 
12:14:15.955 [main] INFO  - Goto my account-->Click on Login.. 
12:17:56.103 [main] INFO  - Goto my account-->Click on Login.. 
12:19:23.403 [main] INFO  - Goto my account-->Click on Login.. 
13:17:14.075 [main] INFO  - Goto my account-->Click on Login.. 
13:18:03.594 [main] INFO  - Goto my account-->Click on Login.. 
13:28:56.297 [main] INFO  - Goto my account-->Click on Login.. 
13:31:35.859 [main] INFO  - Goto my account-->Click on Login.. 
13:34:37.114 [main] INFO  - Goto my account-->Click on Login.. 
13:34:52.992 [main] INFO  - Goto my account-->Click on Login.. 
13:35:19.509 [main] INFO  - Goto my account-->Click on Login.. 
13:40:01.216 [main] INFO  - Goto my account-->Click on Login.. 
13:40:43.333 [main] INFO  - Goto my account-->Click on Login.. 
13:48:21.496 [main] INFO  - Goto my account-->Click on Login.. 
13:50:58.630 [main] INFO  - Goto my account-->Click on Login.. 
14:05:40.782 [main] INFO  - Goto my account-->Click on Login.. 
14:10:50.667 [main] INFO  - Goto my account-->Click on Login.. 
14:17:15.080 [main] INFO  - Goto my account-->Click on Login.. 
14:17:46.514 [main] INFO  - Goto my account-->Click on Login.. 
14:18:16.602 [main] INFO  - Goto my account-->Click on Login.. 
14:19:39.046 [main] INFO  - Goto my account-->Click on Login.. 
14:19:58.442 [main] INFO  - Goto my account-->Click on Login.. 
14:21:25.913 [main] INFO  - Goto my account-->Click on Login.. 
14:32:20.045 [main] INFO  - Goto my account-->Click on Login.. 
14:38:21.472 [main] INFO  - Goto my account-->Click on Login.. 
14:39:11.746 [main] INFO  - Goto my account-->Click on Login.. 
14:39:39.454 [main] INFO  - Goto my account-->Click on Login.. 
14:40:00.067 [main] INFO  - Goto my account-->Click on Login.. 
14:40:54.442 [main] INFO  - Goto my account-->Click on Login.. 
14:42:30.650 [main] INFO  - Goto my account-->Click on Login.. 
14:44:02.663 [main] INFO  - Goto my account-->Click on Login.. 
14:46:05.697 [main] INFO  - Goto my account-->Click on Login.. 
14:47:24.381 [main] INFO  - Goto my account-->Click on Login.. 
14:48:06.308 [main] INFO  - Goto my account-->Click on Login.. 
14:51:29.510 [main] INFO  - Goto my account-->Click on Login.. 
14:52:31.447 [main] INFO  - Goto my account-->Click on Login.. 
14:53:13.636 [main] INFO  - Goto my account-->Click on Login.. 
15:07:25.590 [main] INFO  - Goto my account-->Click on Login.. 
15:07:56.883 [main] INFO  - Goto my account-->Click on Login.. 
15:11:57.288 [main] INFO  - Goto my account-->Click on Login.. 
15:14:11.804 [main] INFO  - Goto my account-->Click on Login.. 
15:33:17.122 [main] INFO  - Goto my account-->Click on Login.. 
15:48:03.909 [main] INFO  - Goto my account-->Click on Login.. 
15:48:35.636 [main] INFO  - Goto my account-->Click on Login.. 
16:24:56.113 [main] INFO  - Goto my account-->Click on Login.. 
16:25:45.542 [main] INFO  - Goto my account-->Click on Login.. 
16:32:46.777 [main] INFO  - Goto my account-->Click on Login.. 
16:35:06.954 [main] INFO  - Goto my account-->Click on Login.. 
16:41:33.021 [main] INFO  - Goto my account-->Click on Login.. 
16:42:12.563 [main] INFO  - Goto my account-->Click on Login.. 
16:43:43.331 [main] INFO  - Goto my account-->Click on Login.. 
16:46:47.179 [main] INFO  - Goto my account-->Click on Login.. 
16:48:28.650 [main] INFO  - Goto my account-->Click on Login.. 
17:00:52.734 [main] INFO  - Goto my account-->Click on Login.. 
17:01:56.295 [main] INFO  - Goto my account-->Click on Login.. 
17:32:36.191 [main] INFO  - Goto my account-->Click on Login.. 
17:36:08.916 [main] INFO  - Goto my account-->Click on Login.. 
